<?xml version="1.0" encoding="UTF-8"?>
<testsuite name="result.Crawl_ResultTest" tests="11" skipped="0" failures="0" errors="0" timestamp="2018-06-14T11:44:08" hostname="ACER-ASPIRE" time="2.185">
  <properties/>
  <testcase name="setZeroAsId" classname="result.Crawl_ResultTest" time="0.501"/>
  <testcase name="setMinusOneAsNumberOfPages" classname="result.Crawl_ResultTest" time="0.001"/>
  <testcase name="add1MusicTest" classname="result.Crawl_ResultTest" time="1.246"/>
  <testcase name="constructorToInstantiateMusicsArrayListTest" classname="result.Crawl_ResultTest" time="0.001"/>
  <testcase name="constructorToInstantiateMoviesArrayListTest" classname="result.Crawl_ResultTest" time="0.0"/>
  <testcase name="constructorToInstantiateBooksArrayListTest" classname="result.Crawl_ResultTest" time="0.0"/>
  <testcase name="add1MovieTest" classname="result.Crawl_ResultTest" time="0.193"/>
  <testcase name="setTimeElapsedAsMinusOne" classname="result.Crawl_ResultTest" time="0.005"/>
  <testcase name="setTimeElapsedToZero" classname="result.Crawl_ResultTest" time="0.001"/>
  <testcase name="add1BookTest" classname="result.Crawl_ResultTest" time="0.137"/>
  <testcase name="setMinusOneAsId" classname="result.Crawl_ResultTest" time="0.0"/>
  <system-out><![CDATA[]]></system-out>
  <system-err><![CDATA[]]></system-err>
</testsuite>
